c:\users\dogef\documents\cpp files\opengltest\testgame\openglgame\openglgame\x64\debug\vc143.pdb
c:\users\dogef\documents\cpp files\opengltest\testgame\openglgame\openglgame\x64\debug\vc143.idb
c:\users\dogef\documents\cpp files\opengltest\testgame\openglgame\openglgame\x64\debug\shader.obj
c:\users\dogef\documents\cpp files\opengltest\testgame\openglgame\openglgame\x64\debug\player.obj
c:\users\dogef\documents\cpp files\opengltest\testgame\openglgame\openglgame\x64\debug\model.obj
c:\users\dogef\documents\cpp files\opengltest\testgame\openglgame\openglgame\x64\debug\mesh.obj
c:\users\dogef\documents\cpp files\opengltest\testgame\openglgame\openglgame\x64\debug\main.obj
c:\users\dogef\documents\cpp files\opengltest\testgame\openglgame\openglgame\x64\debug\game.obj
c:\users\dogef\documents\cpp files\opengltest\testgame\openglgame\openglgame\x64\debug\box.obj
c:\users\dogef\documents\cpp files\opengltest\testgame\openglgame\openglgame\x64\debug\glad.obj
c:\users\dogef\documents\cpp files\opengltest\testgame\openglgame\x64\debug\openglgame.pdb
c:\users\dogef\documents\cpp files\opengltest\testgame\openglgame\openglgame\x64\debug\openglgame.tlog\cl.command.1.tlog
c:\users\dogef\documents\cpp files\opengltest\testgame\openglgame\openglgame\x64\debug\openglgame.tlog\cl.read.1.tlog
c:\users\dogef\documents\cpp files\opengltest\testgame\openglgame\openglgame\x64\debug\openglgame.tlog\cl.write.1.tlog
c:\users\dogef\documents\cpp files\opengltest\testgame\openglgame\openglgame\x64\debug\openglgame.tlog\link-cvtres.read.1.tlog
c:\users\dogef\documents\cpp files\opengltest\testgame\openglgame\openglgame\x64\debug\openglgame.tlog\link-cvtres.write.1.tlog
c:\users\dogef\documents\cpp files\opengltest\testgame\openglgame\openglgame\x64\debug\openglgame.tlog\link-rc.read.1.tlog
c:\users\dogef\documents\cpp files\opengltest\testgame\openglgame\openglgame\x64\debug\openglgame.tlog\link-rc.write.1.tlog
c:\users\dogef\documents\cpp files\opengltest\testgame\openglgame\openglgame\x64\debug\openglgame.tlog\link.command.1.tlog
c:\users\dogef\documents\cpp files\opengltest\testgame\openglgame\openglgame\x64\debug\openglgame.tlog\link.read.1.tlog
c:\users\dogef\documents\cpp files\opengltest\testgame\openglgame\openglgame\x64\debug\openglgame.tlog\link.read.2.tlog
c:\users\dogef\documents\cpp files\opengltest\testgame\openglgame\openglgame\x64\debug\openglgame.tlog\link.write.1.tlog
